<?xml version="1.0" encoding="UTF-8"?>
<!-- Generated by org.testng.reporters.JUnitReportReporter -->
<testsuite hostname="LIPU-PC" failures="0" tests="1" name="testRunnermultipleDropdown.TestRunnermultipleDropdown" time="13.176" errors="0" timestamp="2023-09-07T21:36:00 EDT" skipped="0">
  <testcase classname="testRunnermultipleDropdown.TestRunnermultipleDropdown" name="feature" time="13.176"/>
  <system-out/>
</testsuite> <!-- testRunnermultipleDropdown.TestRunnermultipleDropdown -->
